This is XeTeX, Version 3.141592653-2.6-0.999997 (TeX Live 2025) (preloaded format=xelatex 2025.4.1)  3 APR 2025 17:11
entering extended mode
 restricted \write18 enabled.
 file:line:error style messages enabled.
 %&-line parsing enabled.
**sblgnt-biblebento_NT_1JN.tex
(./sblgnt-biblebento_NT_1JN.tex
LaTeX2e <2024-11-01> patch level 2
L3 programming layer <2025-01-18>
(./openreader.cls
Document Class: openreader 
(/opt/texlive/texdir/texmf-dist/tex/latex/base/article.cls
Document Class: article 2024/06/29 v1.4n Standard LaTeX document class
(/opt/texlive/texdir/texmf-dist/tex/latex/base/size10.clo
File: size10.clo 2024/06/29 v1.4n Standard LaTeX file (size option)
)
\c@part=\count192
\c@section=\count193
\c@subsection=\count194
\c@subsubsection=\count195
\c@paragraph=\count196
\c@subparagraph=\count197
\c@figure=\count198
\c@table=\count199
\abovecaptionskip=\skip49
\belowcaptionskip=\skip50
\bibindent=\dimen141
)
(/opt/texlive/texdir/texmf-dist/tex/xelatex/bidi/bidi.sty
Package: bidi 2025/02/02 v25.2.2 (Release Maryam Mirzakhani) Bidirectional type
setting in plain TeX and LaTeX

****************************************************
* 
* bidi package (Bidirectional typesetting in
* plain TeX and LaTeX, using XeTeX engine)
* 
* Description: A convenient interface for
* typesetting bidirectional texts in plain TeX
* and LaTeX. The package includes adaptations
* for use with many other commonly-used packages.
* 
* Copyright (c) 2007--2025 Vafa Khalighi
* Copyright (c) 2018--2020 bidi-tex GitHub organization
* 
* v25.2.2 (Release Maryam Mirzakhani), 2025/02/02
* 
* License: LaTeX Project Public License, version
* 1.3c or higher (your choice)
* 
* Location on CTAN: /macros/xetex/latex/bidi
* 
* Issue tracker: https://github.com/xepersian/bidi/issues
* 
* Discussions: https://github.com/xepersian/bidi/discussions
* 
* Primary author of bidi package: Vafa Khalighi.
* 
****************************************************
(/opt/texlive/texdir/texmf-dist/tex/xelatex/bidi/biditools.sty
Package: biditools 2025/02/02 v2.7 Programming tools for bidi package
\@bidi@envbody=\toks17
\@bidi@emptytoks=\toks18
\bidi@poscount=\count266
\bidi@tempcountb=\count267
\bidi@temptoksa=\toks19
\bidi@temptoksb=\toks20
\bidi@dummies=\count268
\bidi@are@these@correct=\toks21
\bidi@toks@lista=\toks22
\bidi@toks@listb=\toks23
\bidi@stack@length=\count269
\bidi@empty@stack=\toks24
\bidi@looprepeat@depth=\count270
)
(/opt/texlive/texdir/texmf-dist/tex/latex/zref/zref-abspage.sty
Package: zref-abspage 2023-09-14 v2.35 Module abspage for zref (HO)

(/opt/texlive/texdir/texmf-dist/tex/latex/zref/zref-base.sty
Package: zref-base 2023-09-14 v2.35 Module base for zref (HO)

(/opt/texlive/texdir/texmf-dist/tex/generic/ltxcmds/ltxcmds.sty
Package: ltxcmds 2023-12-04 v1.26 LaTeX kernel commands for general use (HO)
)
(/opt/texlive/texdir/texmf-dist/tex/generic/infwarerr/infwarerr.sty
Package: infwarerr 2019/12/03 v1.5 Providing info/warning/error messages (HO)
)
(/opt/texlive/texdir/texmf-dist/tex/latex/kvsetkeys/kvsetkeys.sty
Package: kvsetkeys 2022-10-05 v1.19 Key value parser (HO)
)
(/opt/texlive/texdir/texmf-dist/tex/generic/kvdefinekeys/kvdefinekeys.sty
Package: kvdefinekeys 2019-12-19 v1.6 Define keys (HO)
)
(/opt/texlive/texdir/texmf-dist/tex/generic/pdftexcmds/pdftexcmds.sty
Package: pdftexcmds 2020-06-27 v0.33 Utility functions of pdfTeX for LuaTeX (HO
)

(/opt/texlive/texdir/texmf-dist/tex/generic/iftex/iftex.sty
Package: iftex 2024/12/12 v1.0g TeX engine tests
)
Package pdftexcmds Info: \pdf@primitive is available.
Package pdftexcmds Info: \pdf@ifprimitive is available.
Package pdftexcmds Info: \pdfdraftmode not found.
)
(/opt/texlive/texdir/texmf-dist/tex/generic/etexcmds/etexcmds.sty
Package: etexcmds 2019/12/15 v1.7 Avoid name clashes with e-TeX commands (HO)
)
(/opt/texlive/texdir/texmf-dist/tex/latex/auxhook/auxhook.sty
Package: auxhook 2019-12-17 v1.6 Hooks for auxiliary files (HO)
)
Package zref Info: New property list: main on input line 767.
Package zref Info: New property: default on input line 768.
Package zref Info: New property: page on input line 769.
)
\c@abspage=\count271
Package zref Info: New property: abspage on input line 67.
)
\@bidi@copyins@=\insert252
\bidi@typesethour=\count272
\bidi@typesetminute=\count273

(/opt/texlive/texdir/texmf-dist/tex/xelatex/bidi/latex-xetex-bidi.def
File: latex-xetex-bidi.def 2025/01/03 v1.5.2 bidi adaptations for `latex.ltx' f
or XeTeX engine
\bidi@n@everypar=\toks25
LaTeX Info: Redefining \centerline on input line 316.
LaTeX Info: Redefining \leftline on input line 325.
LaTeX Info: Redefining \rightline on input line 326.
LaTeX Info: Redefining \underline on input line 334.
\bidi@column@check@number=\count274

(/opt/texlive/texdir/texmf-dist/tex/xelatex/bidi/footnote-xetex-bidi.def
File: footnote-xetex-bidi.def 2024/12/14 v1.3 bidi footnote macros for XeTeX en
gine
\c@footdir@label=\count275
\footdir@toks=\toks26
)
(/opt/texlive/texdir/texmf-dist/tex/xelatex/bidi/article-xetex-bidi.def
File: article-xetex-bidi.def 2025/01/05 v0.9 bidi adaptations for standard arti
cle class for XeTeX engine
))
(/opt/texlive/texdir/texmf-dist/tex/xelatex/bidi/extrafootnotefeatures-xetex-bi
di.def
File: extrafootnotefeatures-xetex-bidi.def 2025/01/03 v2.7 bidi extra footnote 
features for XeTeX engine
\bidi@columnwidth=\dimen142
\footmarkwidth=\skip51
\footinsdim=\skip52
\bidi@absolutepage@count=\count276
\bidi@absolutefootnote@count=\count277
\footinsv@r=\insert251
\footinsv@l=\insert250
\@mpfootinsv@r=\insert249
\@mpfootinsv@l=\insert248
\m@m@k=\count278
\m@m@h=\dimen143
\m@mipn@skip=\skip53
)
\bidi@digits=\count279
\bidi@digits@charclass=\XeTeXcharclass1
\bidi@sepmark@charclass=\XeTeXcharclass2
) (/opt/texlive/texdir/texmf-dist/tex/latex/etoolbox/etoolbox.sty
Package: etoolbox 2025/02/11 v2.5l e-TeX tools for LaTeX (JAW)
\etb@tempcnta=\count280
)
(/opt/texlive/texdir/texmf-dist/tex/latex/polyglossia/polyglossia.sty
Package: polyglossia 2025/01/31 v2.4 Modern multilingual typesetting with XeLaT
eX and LuaLaTeX

(/opt/texlive/texdir/texmf-dist/tex/latex/fontspec/fontspec.sty
(/opt/texlive/texdir/texmf-dist/tex/latex/l3packages/xparse/xparse.sty
(/opt/texlive/texdir/texmf-dist/tex/latex/l3kernel/expl3.sty
Package: expl3 2025-01-18 L3 programming layer (loader) 

(/opt/texlive/texdir/texmf-dist/tex/latex/l3backend/l3backend-xetex.def
File: l3backend-xetex.def 2024-05-08 L3 backend support: XeTeX
\g__graphics_track_int=\count281
\l__pdf_internal_box=\box52
\g__pdf_backend_annotation_int=\count282
\g__pdf_backend_link_int=\count283
))
Package: xparse 2024-08-16 L3 Experimental document command parser
)
Package: fontspec 2024/05/11 v2.9e Font selection for XeLaTeX and LuaLaTeX

(/opt/texlive/texdir/texmf-dist/tex/latex/fontspec/fontspec-xetex.sty
Package: fontspec-xetex 2024/05/11 v2.9e Font selection for XeLaTeX and LuaLaTe
X
\l__fontspec_script_int=\count284
\l__fontspec_language_int=\count285
\l__fontspec_strnum_int=\count286
\l__fontspec_tmp_int=\count287
\l__fontspec_tmpa_int=\count288
\l__fontspec_tmpb_int=\count289
\l__fontspec_tmpc_int=\count290
\l__fontspec_em_int=\count291
\l__fontspec_emdef_int=\count292
\l__fontspec_strong_int=\count293
\l__fontspec_strongdef_int=\count294
\l__fontspec_tmpa_dim=\dimen144
\l__fontspec_tmpb_dim=\dimen145
\l__fontspec_tmpc_dim=\dimen146

(/opt/texlive/texdir/texmf-dist/tex/latex/base/fontenc.sty
Package: fontenc 2021/04/29 v2.0v Standard LaTeX package
)
(/opt/texlive/texdir/texmf-dist/tex/latex/fontspec/fontspec.cfg)))
\l_xpg_alias_keyvals_int=\count295

(/opt/texlive/texdir/texmf-dist/tex/latex/polyglossia/gloss-latex.ldf
File: gloss-latex.ldf polyglossia: module for default language
))
(/opt/texlive/texdir/texmf-dist/tex/latex/titlesec/titlesec.sty
Package: titlesec 2025/01/04 v2.17 Sectioning titles
\ttl@box=\box53
\beforetitleunit=\skip54
\aftertitleunit=\skip55
\ttl@plus=\dimen147
\ttl@minus=\dimen148
\ttl@toksa=\toks27
\titlewidth=\dimen149
\titlewidthlast=\dimen150
\titlewidthfirst=\dimen151
)
(/opt/texlive/texdir/texmf-dist/tex/xelatex/bidi/titlesec-xetex-bidi.def
File: titlesec-xetex-bidi.def 2010/07/25 v0.1 bidi adaptations for titlesec pac
kage for XeTeX engine
)
(/opt/texlive/texdir/texmf-dist/tex/latex/geometry/geometry.sty
Package: geometry 2020/01/02 v5.9 Page Geometry

(/opt/texlive/texdir/texmf-dist/tex/latex/graphics/keyval.sty
Package: keyval 2022/05/29 v1.15 key=value parser (DPC)
\KV@toks@=\toks28
)
(/opt/texlive/texdir/texmf-dist/tex/generic/iftex/ifvtex.sty
Package: ifvtex 2019/10/25 v1.7 ifvtex legacy package. Use iftex instead.
)
\Gm@cnth=\count296
\Gm@cntv=\count297
\c@Gm@tempcnt=\count298
\Gm@bindingoffset=\dimen152
\Gm@wd@mp=\dimen153
\Gm@odd@mp=\dimen154
\Gm@even@mp=\dimen155
\Gm@layoutwidth=\dimen156
\Gm@layoutheight=\dimen157
\Gm@layouthoffset=\dimen158
\Gm@layoutvoffset=\dimen159
\Gm@dimlist=\toks29
)
(/opt/texlive/texdir/texmf-dist/tex/xelatex/bidi/geometry-xetex-bidi.def
File: geometry-xetex-bidi.def 2017/01/14 v0.2 bidi adaptations for geometry pac
kage for XeTeX engine
)
(/opt/texlive/texdir/texmf-dist/tex/latex/fancyhdr/fancyhdr.sty
Package: fancyhdr 2025/02/07 v5.2 Extensive control of page headers and footers

\f@nch@headwidth=\skip56
\f@nch@offset@elh=\skip57
\f@nch@offset@erh=\skip58
\f@nch@offset@olh=\skip59
\f@nch@offset@orh=\skip60
\f@nch@offset@elf=\skip61
\f@nch@offset@erf=\skip62
\f@nch@offset@olf=\skip63
\f@nch@offset@orf=\skip64
\f@nch@height=\skip65
\f@nch@footalignment=\skip66
\f@nch@widthL=\skip67
\f@nch@widthC=\skip68
\f@nch@widthR=\skip69
\@temptokenb=\toks30
)
(/opt/texlive/texdir/texmf-dist/tex/xelatex/bidi/fancyhdr-xetex-bidi.def
File: fancyhdr-xetex-bidi.def 2025/01/07 v0.9 bidi adaptations for fancyhdr pac
kage for XeTeX engine


Package bidi Warning: Oops! patching `\f@nch@hfbox@center' failed.


Package bidi Warning: Oops! patching `\f@nch@hfbox@center' failed.


Package bidi Warning: Oops! patching `\f@nch@hfbox@fit' failed.


Package bidi Warning: Oops! patching `\f@nch@hfbox@fit' failed.

)
\LastChapterNumber=\count299
\LastVerseNumber=\count300
\FootnoteHangingIndent=\dimen160
\FootnoteSectionHeight=\dimen161
\FootnoteTextSize=\dimen162
\FootnoteBaselineSkip=\dimen163
) (/opt/texlive/texdir/texmf-dist/tex/latex/polyglossia/gloss-english.ldf
File: gloss-english.ldf polyglossia: module for English
)

Package polyglossia Info: Default language is english


Package fontspec Info: 
(fontspec)             Font family 'CharisSIL(0)' created for font 'Charis
(fontspec)             SIL' with options [Ligatures=TeX].
(fontspec)              
(fontspec)              This font family consists of the following NFSS
(fontspec)             series/shapes:
(fontspec)              
(fontspec)             - 'normal' (m/n) with NFSS spec.: <->"Charis
(fontspec)             SIL/OT:script=latn;language=dflt;mapping=tex-text;"
(fontspec)             - 'small caps'  (m/sc) with NFSS spec.: <->"Charis
(fontspec)             SIL/OT:script=latn;language=dflt;+smcp;mapping=tex-text;
"
(fontspec)             - 'bold' (b/n) with NFSS spec.: <->"Charis
(fontspec)             SIL/B/OT:script=latn;language=dflt;mapping=tex-text;"
(fontspec)             - 'bold small caps'  (b/sc) with NFSS spec.: <->"Charis
(fontspec)             SIL/B/OT:script=latn;language=dflt;+smcp;mapping=tex-tex
t;"
(fontspec)             - 'italic' (m/it) with NFSS spec.: <->"Charis
(fontspec)             SIL/I/OT:script=latn;language=dflt;mapping=tex-text;"
(fontspec)             - 'italic small caps'  (m/scit) with NFSS spec.:
(fontspec)             <->"Charis
(fontspec)             SIL/I/OT:script=latn;language=dflt;+smcp;mapping=tex-tex
t;"
(fontspec)             - 'bold italic' (b/it) with NFSS spec.: <->"Charis
(fontspec)             SIL/BI/OT:script=latn;language=dflt;mapping=tex-text;"


(/opt/texlive/texdir/texmf-dist/tex/latex/polyglossia/gloss-greek.ldf
File: gloss-greek.ldf polyglossia: module for Greek

(/opt/texlive/texdir/texmf-dist/tex/latex/polyglossia/xgreek-fixes.def)
\@attic@num=\count301
)

Package fontspec Info: 
(fontspec)             Could not resolve font "SBL BibLit/BI" (it probably
(fontspec)             doesn't exist).


Package fontspec Info: 
(fontspec)             Could not resolve font "SBL BibLit/B" (it probably
(fontspec)             doesn't exist).


Package fontspec Info: 
(fontspec)             Could not resolve font "SBL BibLit/I" (it probably
(fontspec)             doesn't exist).


Package fontspec Info: 
(fontspec)             Font family 'SBLBibLit(0)' created for font 'SBL
(fontspec)             BibLit' with options [Script=Greek].
(fontspec)              
(fontspec)              This font family consists of the following NFSS
(fontspec)             series/shapes:
(fontspec)              
(fontspec)             - 'normal' (m/n) with NFSS spec.: <->"SBL
(fontspec)             BibLit/OT:script=grek;language=dflt;"
(fontspec)             - 'small caps'  (m/sc) with NFSS spec.: <->"SBL
(fontspec)             BibLit/OT:script=grek;language=dflt;+smcp;"


(./sblgnt-biblebento_NT_1JN.aux)
\openout1 = `sblgnt-biblebento_NT_1JN.aux'.

LaTeX Font Info:    Checking defaults for OML/cmm/m/it on input line 8.
LaTeX Font Info:    ... okay on input line 8.
LaTeX Font Info:    Checking defaults for OMS/cmsy/m/n on input line 8.
LaTeX Font Info:    ... okay on input line 8.
LaTeX Font Info:    Checking defaults for OT1/cmr/m/n on input line 8.
LaTeX Font Info:    ... okay on input line 8.
LaTeX Font Info:    Checking defaults for T1/cmr/m/n on input line 8.
LaTeX Font Info:    ... okay on input line 8.
LaTeX Font Info:    Checking defaults for TS1/cmr/m/n on input line 8.
LaTeX Font Info:    ... okay on input line 8.
LaTeX Font Info:    Checking defaults for TU/lmr/m/n on input line 8.
LaTeX Font Info:    ... okay on input line 8.
LaTeX Font Info:    Checking defaults for OMX/cmex/m/n on input line 8.
LaTeX Font Info:    ... okay on input line 8.
LaTeX Font Info:    Checking defaults for U/cmr/m/n on input line 8.
LaTeX Font Info:    ... okay on input line 8.

Package fontspec Info: 
(fontspec)             Adjusting the maths setup (use [no-math] to avoid
(fontspec)             this).

\symlegacymaths=\mathgroup4
LaTeX Font Info:    Overwriting symbol font `legacymaths' in version `bold'
(Font)                  OT1/cmr/m/n --> OT1/cmr/bx/n on input line 8.
LaTeX Font Info:    Redeclaring math accent \acute on input line 8.
LaTeX Font Info:    Redeclaring math accent \grave on input line 8.
LaTeX Font Info:    Redeclaring math accent \ddot on input line 8.
LaTeX Font Info:    Redeclaring math accent \tilde on input line 8.
LaTeX Font Info:    Redeclaring math accent \bar on input line 8.
LaTeX Font Info:    Redeclaring math accent \breve on input line 8.
LaTeX Font Info:    Redeclaring math accent \check on input line 8.
LaTeX Font Info:    Redeclaring math accent \hat on input line 8.
LaTeX Font Info:    Redeclaring math accent \dot on input line 8.
LaTeX Font Info:    Redeclaring math accent \mathring on input line 8.
LaTeX Font Info:    Redeclaring math symbol \colon on input line 8.
LaTeX Font Info:    Redeclaring math symbol \Gamma on input line 8.
LaTeX Font Info:    Redeclaring math symbol \Delta on input line 8.
LaTeX Font Info:    Redeclaring math symbol \Theta on input line 8.
LaTeX Font Info:    Redeclaring math symbol \Lambda on input line 8.
LaTeX Font Info:    Redeclaring math symbol \Xi on input line 8.
LaTeX Font Info:    Redeclaring math symbol \Pi on input line 8.
LaTeX Font Info:    Redeclaring math symbol \Sigma on input line 8.
LaTeX Font Info:    Redeclaring math symbol \Upsilon on input line 8.
LaTeX Font Info:    Redeclaring math symbol \Phi on input line 8.
LaTeX Font Info:    Redeclaring math symbol \Psi on input line 8.
LaTeX Font Info:    Redeclaring math symbol \Omega on input line 8.
LaTeX Font Info:    Redeclaring math symbol \mathdollar on input line 8.
LaTeX Font Info:    Redeclaring symbol font `operators' on input line 8.
LaTeX Font Info:    Encoding `OT1' has changed to `TU' for symbol font
(Font)              `operators' in the math version `normal' on input line 8.
LaTeX Font Info:    Overwriting symbol font `operators' in version `normal'
(Font)                  OT1/cmr/m/n --> TU/CharisSIL(0)/m/n on input line 8.
LaTeX Font Info:    Encoding `OT1' has changed to `TU' for symbol font
(Font)              `operators' in the math version `bold' on input line 8.
LaTeX Font Info:    Overwriting symbol font `operators' in version `bold'
(Font)                  OT1/cmr/bx/n --> TU/CharisSIL(0)/m/n on input line 8.
LaTeX Font Info:    Overwriting symbol font `operators' in version `normal'
(Font)                  TU/CharisSIL(0)/m/n --> TU/CharisSIL(0)/m/n on input li
ne 8.
LaTeX Font Info:    Overwriting math alphabet `\mathit' in version `normal'
(Font)                  OT1/cmr/m/it --> TU/CharisSIL(0)/m/it on input line 8.
LaTeX Font Info:    Overwriting math alphabet `\mathbf' in version `normal'
(Font)                  OT1/cmr/bx/n --> TU/CharisSIL(0)/b/n on input line 8.
LaTeX Font Info:    Overwriting math alphabet `\mathsf' in version `normal'
(Font)                  OT1/cmss/m/n --> TU/lmss/m/n on input line 8.
LaTeX Font Info:    Overwriting math alphabet `\mathtt' in version `normal'
(Font)                  OT1/cmtt/m/n --> TU/lmtt/m/n on input line 8.
LaTeX Font Info:    Overwriting symbol font `operators' in version `bold'
(Font)                  TU/CharisSIL(0)/m/n --> TU/CharisSIL(0)/b/n on input li
ne 8.
LaTeX Font Info:    Overwriting math alphabet `\mathit' in version `bold'
(Font)                  OT1/cmr/bx/it --> TU/CharisSIL(0)/b/it on input line 8.

LaTeX Font Info:    Overwriting math alphabet `\mathsf' in version `bold'
(Font)                  OT1/cmss/bx/n --> TU/lmss/b/n on input line 8.
LaTeX Font Info:    Overwriting math alphabet `\mathtt' in version `bold'
(Font)                  OT1/cmtt/m/n --> TU/lmtt/b/n on input line 8.

*geometry* driver: auto-detecting
*geometry* detected driver: xetex
*geometry* verbose mode - [ preamble ] result:
* driver: xetex
* paper: <default>
* layout: <same size as paper>
* layoutoffset:(h,v)=(0.0pt,0.0pt)
* modes: 
* h-part:(L,W,R)=(56.9055pt, 500.484pt, 56.9055pt)
* v-part:(T,H,B)=(56.9055pt, 681.15898pt, 56.9055pt)
* \paperwidth=614.295pt
* \paperheight=794.96999pt
* \textwidth=500.484pt
* \textheight=681.15898pt
* \oddsidemargin=-15.36449pt
* \evensidemargin=-15.36449pt
* \topmargin=-52.36449pt
* \headheight=12.0pt
* \headsep=25.0pt
* \topskip=10.0pt plus 10.0pt
* \footskip=30.0pt
* \marginparwidth=65.0pt
* \marginparsep=11.0pt
* \columnsep=10.0pt
* \skip\footins=20.0pt
* \hoffset=0.0pt
* \voffset=0.0pt
* \mag=1000
* \@twocolumnfalse
* \@twosidefalse
* \@mparswitchfalse
* \@reversemarginfalse
* (1in=72.27pt=25.4mm, 1cm=28.453pt)

LTR is true. RTL is false.
Greek is false.
Hebrew is false.
LaTeX Font Info:    External font `cmex10' loaded for size
(Font)              <12> on input line 14.
LaTeX Font Info:    External font `cmex10' loaded for size
(Font)              <8> on input line 14.
LaTeX Font Info:    External font `cmex10' loaded for size
(Font)              <6> on input line 14.
LaTeX Font Info:    Calculating math sizes for size <16> on input line 16.

LaTeX Font Warning: Font shape `OML/cmm/m/it' in size <16> not available
(Font)              size <17.28> substituted on input line 16.


LaTeX Font Warning: Font shape `OMS/cmsy/m/n' in size <16> not available
(Font)              size <17.28> substituted on input line 16.

LaTeX Font Info:    External font `cmex10' loaded for size
(Font)              <16> on input line 16.
LaTeX Font Info:    External font `cmex10' loaded for size
(Font)              <11.19995> on input line 16.

LaTeX Font Warning: Font shape `OT1/cmr/m/n' in size <16> not available
(Font)              size <17.28> substituted on input line 16.

\contentwidth=\dimen164
\contentwidth=\dimen165
\contentwidth=\dimen166
\contentwidth=\dimen167
\contentwidth=\dimen168
\contentwidth=\dimen169
\contentwidth=\dimen170
\contentwidth=\dimen171
\contentwidth=\dimen172
\contentwidth=\dimen173
\contentwidth=\dimen174
\contentwidth=\dimen175
\contentwidth=\dimen176
\contentwidth=\dimen177
\contentwidth=\dimen178
\contentwidth=\dimen179
\contentwidth=\dimen180
\contentwidth=\dimen181
\contentwidth=\dimen182
\contentwidth=\dimen183
\contentwidth=\dimen184
\contentwidth=\dimen185
\contentwidth=\dimen186
\contentwidth=\dimen187
\contentwidth=\dimen188
\contentwidth=\dimen189
\contentwidth=\dimen190
\contentwidth=\dimen191
\contentwidth=\dimen192
\contentwidth=\dimen193
\contentwidth=\dimen194
\contentwidth=\dimen195
\contentwidth=\dimen196
\contentwidth=\dimen197
\contentwidth=\dimen198
\contentwidth=\dimen199
\contentwidth=\dimen256
\contentwidth=\dimen257
\contentwidth=\dimen258
\contentwidth=\dimen259
\contentwidth=\dimen260
\contentwidth=\dimen261
\contentwidth=\dimen262
\contentwidth=\dimen263
\contentwidth=\dimen264
\contentwidth=\dimen265
\contentwidth=\dimen266
\contentwidth=\dimen267
\contentwidth=\dimen268
\contentwidth=\dimen269
\contentwidth=\dimen270
\contentwidth=\dimen271
\contentwidth=\dimen272


[1

]
\contentwidth=\dimen273
\contentwidth=\dimen274
\contentwidth=\dimen275
\contentwidth=\dimen276
\contentwidth=\dimen277
\contentwidth=\dimen278
\contentwidth=\dimen279
\contentwidth=\dimen280
\contentwidth=\dimen281
\contentwidth=\dimen282
\contentwidth=\dimen283
\contentwidth=\dimen284
\contentwidth=\dimen285
\contentwidth=\dimen286
\contentwidth=\dimen287
\contentwidth=\dimen288
\contentwidth=\dimen289
\contentwidth=\dimen290
\contentwidth=\dimen291
\contentwidth=\dimen292
\contentwidth=\dimen293
\contentwidth=\dimen294
\contentwidth=\dimen295
\contentwidth=\dimen296
\contentwidth=\dimen297
\contentwidth=\dimen298
\contentwidth=\dimen299
\contentwidth=\dimen300
\contentwidth=\dimen301
\contentwidth=\dimen302
\contentwidth=\dimen303
\contentwidth=\dimen304
\contentwidth=\dimen305
\contentwidth=\dimen306
\contentwidth=\dimen307
\contentwidth=\dimen308
\contentwidth=\dimen309
\contentwidth=\dimen310
\contentwidth=\dimen311
\contentwidth=\dimen312
\contentwidth=\dimen313
\contentwidth=\dimen314
\contentwidth=\dimen315
\contentwidth=\dimen316
\contentwidth=\dimen317
\contentwidth=\dimen318
\contentwidth=\dimen319
\contentwidth=\dimen320
\contentwidth=\dimen321
\contentwidth=\dimen322
\contentwidth=\dimen323
\contentwidth=\dimen324
\contentwidth=\dimen325
\contentwidth=\dimen326
\contentwidth=\dimen327
\contentwidth=\dimen328
\contentwidth=\dimen329
\contentwidth=\dimen330
\contentwidth=\dimen331
\contentwidth=\dimen332
\contentwidth=\dimen333
\contentwidth=\dimen334
\contentwidth=\dimen335
\contentwidth=\dimen336
\contentwidth=\dimen337
\contentwidth=\dimen338
\contentwidth=\dimen339
\contentwidth=\dimen340
\contentwidth=\dimen341
\contentwidth=\dimen342
\contentwidth=\dimen343
\contentwidth=\dimen344
\contentwidth=\dimen345
\contentwidth=\dimen346
\contentwidth=\dimen347
\contentwidth=\dimen348
\contentwidth=\dimen349
\contentwidth=\dimen350
\contentwidth=\dimen351
\contentwidth=\dimen352
\contentwidth=\dimen353
\contentwidth=\dimen354
\contentwidth=\dimen355
\contentwidth=\dimen356
\contentwidth=\dimen357
\contentwidth=\dimen358
\contentwidth=\dimen359
\contentwidth=\dimen360
\contentwidth=\dimen361
\contentwidth=\dimen362
\contentwidth=\dimen363
\contentwidth=\dimen364
\contentwidth=\dimen365
\contentwidth=\dimen366
\contentwidth=\dimen367
\contentwidth=\dimen368
\contentwidth=\dimen369
\contentwidth=\dimen370
\contentwidth=\dimen371
\contentwidth=\dimen372
\contentwidth=\dimen373
\contentwidth=\dimen374
\contentwidth=\dimen375
\contentwidth=\dimen376
\contentwidth=\dimen377
\contentwidth=\dimen378
\contentwidth=\dimen379
\contentwidth=\dimen380
\contentwidth=\dimen381
\contentwidth=\dimen382
\contentwidth=\dimen383
\contentwidth=\dimen384
\contentwidth=\dimen385
\contentwidth=\dimen386
\contentwidth=\dimen387
\contentwidth=\dimen388
\contentwidth=\dimen389
\contentwidth=\dimen390
\contentwidth=\dimen391
\contentwidth=\dimen392
\contentwidth=\dimen393
\contentwidth=\dimen394
\contentwidth=\dimen395
\contentwidth=\dimen396
\contentwidth=\dimen397
\contentwidth=\dimen398
\contentwidth=\dimen399
\contentwidth=\dimen400
\contentwidth=\dimen401
\contentwidth=\dimen402
\contentwidth=\dimen403
\contentwidth=\dimen404
\contentwidth=\dimen405
\contentwidth=\dimen406
\contentwidth=\dimen407
\contentwidth=\dimen408
\contentwidth=\dimen409
\contentwidth=\dimen410
\contentwidth=\dimen411
\contentwidth=\dimen412
\contentwidth=\dimen413
\contentwidth=\dimen414
\contentwidth=\dimen415
\contentwidth=\dimen416
\contentwidth=\dimen417
\contentwidth=\dimen418
\contentwidth=\dimen419
\contentwidth=\dimen420
\contentwidth=\dimen421
\contentwidth=\dimen422
\contentwidth=\dimen423
\contentwidth=\dimen424
\contentwidth=\dimen425
\contentwidth=\dimen426


[2]
Overfull \vbox (9.94582pt too high) has occurred while \output is active []



[3]

[4]
Overfull \vbox (28.44609pt too high) has occurred while \output is active []



[5]
\contentwidth=\dimen427
\contentwidth=\dimen428
\contentwidth=\dimen429
\contentwidth=\dimen430
\contentwidth=\dimen431
\contentwidth=\dimen432
\contentwidth=\dimen433
\contentwidth=\dimen434
\contentwidth=\dimen435
\contentwidth=\dimen436
\contentwidth=\dimen437
\contentwidth=\dimen438
\contentwidth=\dimen439
\contentwidth=\dimen440
\contentwidth=\dimen441
\contentwidth=\dimen442
\contentwidth=\dimen443
\contentwidth=\dimen444
\contentwidth=\dimen445
\contentwidth=\dimen446
\contentwidth=\dimen447
\contentwidth=\dimen448
\contentwidth=\dimen449
\contentwidth=\dimen450
\contentwidth=\dimen451
\contentwidth=\dimen452
\contentwidth=\dimen453
\contentwidth=\dimen454
\contentwidth=\dimen455
\contentwidth=\dimen456
\contentwidth=\dimen457
\contentwidth=\dimen458
\contentwidth=\dimen459
\contentwidth=\dimen460
\contentwidth=\dimen461
\contentwidth=\dimen462
\contentwidth=\dimen463
\contentwidth=\dimen464
\contentwidth=\dimen465
\contentwidth=\dimen466
\contentwidth=\dimen467
\contentwidth=\dimen468
\contentwidth=\dimen469
\contentwidth=\dimen470
\contentwidth=\dimen471
\contentwidth=\dimen472
\contentwidth=\dimen473
\contentwidth=\dimen474
\contentwidth=\dimen475
\contentwidth=\dimen476
\contentwidth=\dimen477
\contentwidth=\dimen478
\contentwidth=\dimen479
\contentwidth=\dimen480
\contentwidth=\dimen481
\contentwidth=\dimen482
\contentwidth=\dimen483
\contentwidth=\dimen484
\contentwidth=\dimen485
\contentwidth=\dimen486
\contentwidth=\dimen487
\contentwidth=\dimen488
\contentwidth=\dimen489
\contentwidth=\dimen490
\contentwidth=\dimen491
\contentwidth=\dimen492
\contentwidth=\dimen493
\contentwidth=\dimen494
\contentwidth=\dimen495
\contentwidth=\dimen496
\contentwidth=\dimen497
\contentwidth=\dimen498
\contentwidth=\dimen499
\contentwidth=\dimen500
\contentwidth=\dimen501
\contentwidth=\dimen502
\contentwidth=\dimen503
\contentwidth=\dimen504
\contentwidth=\dimen505
\contentwidth=\dimen506
\contentwidth=\dimen507
\contentwidth=\dimen508
\contentwidth=\dimen509
\contentwidth=\dimen510
\contentwidth=\dimen511
\contentwidth=\dimen512
\contentwidth=\dimen513
\contentwidth=\dimen514
\contentwidth=\dimen515
\contentwidth=\dimen516
\contentwidth=\dimen517
\contentwidth=\dimen518
\contentwidth=\dimen519
\contentwidth=\dimen520
\contentwidth=\dimen521
\contentwidth=\dimen522
\contentwidth=\dimen523
\contentwidth=\dimen524
\contentwidth=\dimen525
\contentwidth=\dimen526
\contentwidth=\dimen527
\contentwidth=\dimen528
\contentwidth=\dimen529
\contentwidth=\dimen530
\contentwidth=\dimen531
\contentwidth=\dimen532
\contentwidth=\dimen533
\contentwidth=\dimen534
\contentwidth=\dimen535
\contentwidth=\dimen536
\contentwidth=\dimen537
\contentwidth=\dimen538
\contentwidth=\dimen539
\contentwidth=\dimen540


[6]
Overfull \vbox (5.78677pt too high) has occurred while \output is active []



[7]

[8]
\contentwidth=\dimen541
\contentwidth=\dimen542
\contentwidth=\dimen543
\contentwidth=\dimen544
\contentwidth=\dimen545
\contentwidth=\dimen546
\contentwidth=\dimen547
\contentwidth=\dimen548
\contentwidth=\dimen549
\contentwidth=\dimen550
\contentwidth=\dimen551
\contentwidth=\dimen552
\contentwidth=\dimen553
\contentwidth=\dimen554
\contentwidth=\dimen555
\contentwidth=\dimen556
\contentwidth=\dimen557
\contentwidth=\dimen558
\contentwidth=\dimen559
\contentwidth=\dimen560
\contentwidth=\dimen561
\contentwidth=\dimen562
\contentwidth=\dimen563
\contentwidth=\dimen564
\contentwidth=\dimen565
\contentwidth=\dimen566
\contentwidth=\dimen567
\contentwidth=\dimen568
\contentwidth=\dimen569
\contentwidth=\dimen570
\contentwidth=\dimen571
\contentwidth=\dimen572
\contentwidth=\dimen573
\contentwidth=\dimen574
\contentwidth=\dimen575
\contentwidth=\dimen576
\contentwidth=\dimen577
\contentwidth=\dimen578
\contentwidth=\dimen579
\contentwidth=\dimen580
\contentwidth=\dimen581
\contentwidth=\dimen582
\contentwidth=\dimen583
\contentwidth=\dimen584
\contentwidth=\dimen585
\contentwidth=\dimen586
\contentwidth=\dimen587
\contentwidth=\dimen588
\contentwidth=\dimen589
\contentwidth=\dimen590
\contentwidth=\dimen591
\contentwidth=\dimen592
\contentwidth=\dimen593
\contentwidth=\dimen594
\contentwidth=\dimen595
\contentwidth=\dimen596
\contentwidth=\dimen597
\contentwidth=\dimen598
\contentwidth=\dimen599
\contentwidth=\dimen600
\contentwidth=\dimen601
\contentwidth=\dimen602
\contentwidth=\dimen603
\contentwidth=\dimen604
\contentwidth=\dimen605
\contentwidth=\dimen606
\contentwidth=\dimen607
\contentwidth=\dimen608
\contentwidth=\dimen609
\contentwidth=\dimen610
\contentwidth=\dimen611
\contentwidth=\dimen612
\contentwidth=\dimen613
\contentwidth=\dimen614
\contentwidth=\dimen615
\contentwidth=\dimen616
\contentwidth=\dimen617
\contentwidth=\dimen618
\contentwidth=\dimen619
\contentwidth=\dimen620
\contentwidth=\dimen621
\contentwidth=\dimen622
\contentwidth=\dimen623
\contentwidth=\dimen624
\contentwidth=\dimen625
\contentwidth=\dimen626
\contentwidth=\dimen627
\contentwidth=\dimen628
\contentwidth=\dimen629
\contentwidth=\dimen630
\contentwidth=\dimen631
\contentwidth=\dimen632
\contentwidth=\dimen633
\contentwidth=\dimen634
\contentwidth=\dimen635
\contentwidth=\dimen636
\contentwidth=\dimen637
\contentwidth=\dimen638
\contentwidth=\dimen639

Overfull \vbox (2.02507pt too high) has occurred while \output is active []



[9]
Overfull \vbox (30.34425pt too high) has occurred while \output is active []



[10]

[11]
\contentwidth=\dimen640
\contentwidth=\dimen641
\contentwidth=\dimen642
\contentwidth=\dimen643
\contentwidth=\dimen644
\contentwidth=\dimen645
\contentwidth=\dimen646
\contentwidth=\dimen647
\contentwidth=\dimen648
\contentwidth=\dimen649
\contentwidth=\dimen650
\contentwidth=\dimen651
\contentwidth=\dimen652
\contentwidth=\dimen653
\contentwidth=\dimen654
\contentwidth=\dimen655
\contentwidth=\dimen656
\contentwidth=\dimen657
\contentwidth=\dimen658
\contentwidth=\dimen659
\contentwidth=\dimen660
\contentwidth=\dimen661
\contentwidth=\dimen662
\contentwidth=\dimen663
\contentwidth=\dimen664
\contentwidth=\dimen665
\contentwidth=\dimen666
\contentwidth=\dimen667
\contentwidth=\dimen668
\contentwidth=\dimen669
\contentwidth=\dimen670
\contentwidth=\dimen671
\contentwidth=\dimen672
\contentwidth=\dimen673
\contentwidth=\dimen674
\contentwidth=\dimen675
\contentwidth=\dimen676
\contentwidth=\dimen677
\contentwidth=\dimen678
\contentwidth=\dimen679
\contentwidth=\dimen680
\contentwidth=\dimen681
\contentwidth=\dimen682
\contentwidth=\dimen683
\contentwidth=\dimen684
\contentwidth=\dimen685
\contentwidth=\dimen686
\contentwidth=\dimen687
\contentwidth=\dimen688
\contentwidth=\dimen689
\contentwidth=\dimen690
\contentwidth=\dimen691
\contentwidth=\dimen692
\contentwidth=\dimen693
\contentwidth=\dimen694
\contentwidth=\dimen695
\contentwidth=\dimen696
\contentwidth=\dimen697
\contentwidth=\dimen698
\contentwidth=\dimen699
\contentwidth=\dimen700
\contentwidth=\dimen701
\contentwidth=\dimen702
\contentwidth=\dimen703
\contentwidth=\dimen704
\contentwidth=\dimen705
\contentwidth=\dimen706
\contentwidth=\dimen707
\contentwidth=\dimen708
\contentwidth=\dimen709
\contentwidth=\dimen710
\contentwidth=\dimen711
\contentwidth=\dimen712
\contentwidth=\dimen713
\contentwidth=\dimen714
\contentwidth=\dimen715
\contentwidth=\dimen716
\contentwidth=\dimen717
\contentwidth=\dimen718
\contentwidth=\dimen719
\contentwidth=\dimen720
\contentwidth=\dimen721
\contentwidth=\dimen722
\contentwidth=\dimen723
\contentwidth=\dimen724
\contentwidth=\dimen725
\contentwidth=\dimen726
\contentwidth=\dimen727
\contentwidth=\dimen728
\contentwidth=\dimen729
\contentwidth=\dimen730
\contentwidth=\dimen731
\contentwidth=\dimen732
\contentwidth=\dimen733
\contentwidth=\dimen734
\contentwidth=\dimen735
\contentwidth=\dimen736
\contentwidth=\dimen737

Overfull \vbox (32.44142pt too high) has occurred while \output is active []



[12]

[13]

[14]

[15] (./sblgnt-biblebento_NT_1JN.aux)
 ***********
LaTeX2e <2024-11-01> patch level 2
L3 programming layer <2025-01-18>
 ***********


LaTeX Font Warning: Size substitutions with differences
(Font)              up to 1.28pt have occurred.

 ) 
Here is how much of TeX's memory you used:
 8268 strings out of 473832
 217842 string characters out of 5731318
 736553 words of memory out of 5000000
 31233 multiletter control sequences out of 15000+600000
 563659 words of font info for 83 fonts, out of 8000000 for 9000
 1348 hyphenation exceptions out of 8191
 108i,11n,121p,1158b,535s stack positions out of 10000i,1000n,20000p,200000b,200000s

Output written on sblgnt-biblebento_NT_1JN.xdv (15 pages, 385888 bytes).
